[debug] [2025-07-14T10:48:36.246Z] ----------------------------------------------------------------------
[debug] [2025-07-14T10:48:36.248Z] Command:       /usr/local/bin/node /usr/local/bin/firebase use --add
[debug] [2025-07-14T10:48:36.248Z] CLI Version:   14.10.1
[debug] [2025-07-14T10:48:36.248Z] Platform:      darwin
[debug] [2025-07-14T10:48:36.248Z] Node Version:  v22.12.0
[debug] [2025-07-14T10:48:36.248Z] Time:          Mon Jul 14 2025 13:48:36 GMT+0300 (GMT+03:00)
[debug] [2025-07-14T10:48:36.248Z] ----------------------------------------------------------------------
[debug] 
[debug] [2025-07-14T10:48:36.353Z] > command requires scopes: ["email","openid","https://www.googleapis.com/auth/cloudplatformprojects.readonly","https://www.googleapis.com/auth/firebase","https://www.googleapis.com/auth/cloud-platform"]
[debug] [2025-07-14T10:48:36.353Z] > authorizing via signed-in user (kamilgorucu07@gmail.com)
[debug] [2025-07-14T10:48:36.353Z] Checked if tokens are valid: true, expires at: 1752493462422
[debug] [2025-07-14T10:48:36.354Z] Checked if tokens are valid: true, expires at: 1752493462422
[debug] [2025-07-14T10:48:36.354Z] >>> [apiv2][query] GET https://firebase.googleapis.com/v1beta1/projects pageSize=1000
[debug] [2025-07-14T10:48:37.013Z] <<< [apiv2][status] GET https://firebase.googleapis.com/v1beta1/projects 200
[debug] [2025-07-14T10:48:37.013Z] <<< [apiv2][body] GET https://firebase.googleapis.com/v1beta1/projects [omitted]
[debug] [2025-07-14T10:49:19.367Z] ExitPromptError: User force closed the prompt with SIGINT
    at Interface.sigint (/usr/local/lib/node_modules/firebase-tools/node_modules/@inquirer/core/dist/commonjs/lib/create-prompt.js:101:37)
    at Interface.emit (node:events:524:28)
    at Interface.emit (node:domain:489:12)
    at [_ttyWrite] [as _ttyWrite] (node:internal/readline/interface:1124:18)
    at ReadStream.onkeypress (node:internal/readline/interface:263:20)
    at ReadStream.emit (node:events:536:35)
    at ReadStream.emit (node:domain:489:12)
    at emitKeys (node:internal/readline/utils:370:14)
    at emitKeys.next (<anonymous>)
    at ReadStream.onData (node:internal/readline/emitKeypressEvents:64:36)
[error] 
[error] Error: An unexpected error has occurred.
